<?xml version="1.0" encoding="UTF-8"?>
<!-- Generated by org.testng.reporters.JUnitXMLReporter -->
<testsuite ignored="0" hostname="DESKTOP-6AL119N" failures="0" tests="4" name="Basic Functionalities" time="61.723" errors="0" timestamp="2022-02-06T11:56:28 CST">
  <testcase classname="TestCases.ContactPage" name="TC1_mandatory_field_error_validation" time="22.172"/>
  <testcase classname="TestCases.ContactPage" name="TC2_successful_feedback_submission_validation" time="12.85"/>
  <testcase classname="TestCases.ContactPage" name="TC3_invalid_field_input_validation" time="0.844"/>
  <testcase classname="TestCases.ShopPage" name="TC4_shopping_cart_item_validation" time="1.314"/>
</testsuite> <!-- Basic Functionalities -->
