<?xml version="1.0" encoding="UTF-8"?>
<testng-results ignored="0" total="4" passed="4" failed="0" skipped="0">
  <reporter-output>
  </reporter-output>
  <suite started-at="2022-02-06T11:55:26 CST" name="Jupiter Toys" finished-at="2022-02-06T11:56:28 CST" duration-ms="61723">
    <groups>
    </groups>
    <test started-at="2022-02-06T11:55:26 CST" name="Basic Functionalities" finished-at="2022-02-06T11:56:28 CST" duration-ms="61723">
      <class name="TestCases.ContactPage">
        <test-method is-config="true" signature="browseJupiterToys()[pri:0, instance:TestCases.ContactPage@6eda5c9]" started-at="2022-02-06T11:55:26 CST" name="browseJupiterToys" finished-at="2022-02-06T11:55:33 CST" duration-ms="6569" status="PASS">
          <reporter-output>
          </reporter-output>
        </test-method> <!-- browseJupiterToys -->
        <test-method signature="TC1_mandatory_field_error_validation()[pri:0, instance:TestCases.ContactPage@6eda5c9]" started-at="2022-02-06T11:55:33 CST" name="TC1_mandatory_field_error_validation" finished-at="2022-02-06T11:55:55 CST" duration-ms="22172" status="PASS">
          <reporter-output>
          </reporter-output>
        </test-method> <!-- TC1_mandatory_field_error_validation -->
        <test-method is-config="true" signature="closeBrowser()[pri:0, instance:TestCases.ContactPage@6eda5c9]" started-at="2022-02-06T11:55:55 CST" name="closeBrowser" finished-at="2022-02-06T11:55:55 CST" duration-ms="144" status="PASS">
          <reporter-output>
          </reporter-output>
        </test-method> <!-- closeBrowser -->
        <test-method is-config="true" signature="browseJupiterToys()[pri:0, instance:TestCases.ContactPage@6eda5c9]" started-at="2022-02-06T11:55:55 CST" name="browseJupiterToys" finished-at="2022-02-06T11:56:00 CST" duration-ms="4701" status="PASS">
          <reporter-output>
          </reporter-output>
        </test-method> <!-- browseJupiterToys -->
        <test-method signature="TC2_successful_feedback_submission_validation()[pri:0, instance:TestCases.ContactPage@6eda5c9]" started-at="2022-02-06T11:56:00 CST" name="TC2_successful_feedback_submission_validation" finished-at="2022-02-06T11:56:13 CST" duration-ms="12850" status="PASS">
          <reporter-output>
          </reporter-output>
        </test-method> <!-- TC2_successful_feedback_submission_validation -->
        <test-method is-config="true" signature="closeBrowser()[pri:0, instance:TestCases.ContactPage@6eda5c9]" started-at="2022-02-06T11:56:13 CST" name="closeBrowser" finished-at="2022-02-06T11:56:17 CST" duration-ms="4214" status="PASS">
          <reporter-output>
          </reporter-output>
        </test-method> <!-- closeBrowser -->
        <test-method is-config="true" signature="browseJupiterToys()[pri:0, instance:TestCases.ContactPage@6eda5c9]" started-at="2022-02-06T11:56:17 CST" name="browseJupiterToys" finished-at="2022-02-06T11:56:21 CST" duration-ms="4265" status="PASS">
          <reporter-output>
          </reporter-output>
        </test-method> <!-- browseJupiterToys -->
        <test-method signature="TC3_invalid_field_input_validation()[pri:0, instance:TestCases.ContactPage@6eda5c9]" started-at="2022-02-06T11:56:21 CST" name="TC3_invalid_field_input_validation" finished-at="2022-02-06T11:56:22 CST" duration-ms="844" status="PASS">
          <reporter-output>
          </reporter-output>
        </test-method> <!-- TC3_invalid_field_input_validation -->
        <test-method is-config="true" signature="closeBrowser()[pri:0, instance:TestCases.ContactPage@6eda5c9]" started-at="2022-02-06T11:56:22 CST" name="closeBrowser" finished-at="2022-02-06T11:56:22 CST" duration-ms="102" status="PASS">
          <reporter-output>
          </reporter-output>
        </test-method> <!-- closeBrowser -->
      </class> <!-- TestCases.ContactPage -->
      <class name="TestCases.ShopPage">
        <test-method is-config="true" signature="browseJupiterToys()[pri:0, instance:TestCases.ShopPage@79924b]" started-at="2022-02-06T11:56:22 CST" name="browseJupiterToys" finished-at="2022-02-06T11:56:26 CST" duration-ms="4460" status="PASS">
          <reporter-output>
          </reporter-output>
        </test-method> <!-- browseJupiterToys -->
        <test-method signature="TC4_shopping_cart_item_validation()[pri:0, instance:TestCases.ShopPage@79924b]" started-at="2022-02-06T11:56:26 CST" name="TC4_shopping_cart_item_validation" finished-at="2022-02-06T11:56:28 CST" duration-ms="1314" status="PASS">
          <reporter-output>
          </reporter-output>
        </test-method> <!-- TC4_shopping_cart_item_validation -->
        <test-method is-config="true" signature="closeBrowser()[pri:0, instance:TestCases.ShopPage@79924b]" started-at="2022-02-06T11:56:28 CST" name="closeBrowser" finished-at="2022-02-06T11:56:28 CST" duration-ms="50" status="PASS">
          <reporter-output>
          </reporter-output>
        </test-method> <!-- closeBrowser -->
      </class> <!-- TestCases.ShopPage -->
    </test> <!-- Basic Functionalities -->
  </suite> <!-- Jupiter Toys -->
</testng-results>
